<?xml version="1.0" encoding="UTF-8"?>
<!-- Generated by org.testng.reporters.JUnitXMLReporter -->
<testsuite hostname="Mds-MacBook-Pro.local" ignored="0" name="Default test" tests="7" failures="0" timestamp="25 Dec 2017 20:17:54 GMT" time="18.97" errors="0">
  <testcase name="testSignInWithEmptyEmailValidPassword" time="4.391" classname="tests.TestSigninFeature"/>
  <testcase name="testSignInWithInvalidEmailPassword" time="1.677" classname="tests.TestSigninFeature"/>
  <testcase name="testSignInWithInvalidEmailValidPassword" time="2.563" classname="tests.TestSigninFeature"/>
  <testcase name="testSignInWithValidCredentials" time="3.528" classname="tests.TestSigninFeature"/>
  <testcase name="testSignInWithValidEmailEmptyPassword" time="1.283" classname="tests.TestSigninFeature"/>
  <testcase name="testSignInWithValidEmailInvalidPassword" time="1.173" classname="tests.TestSigninFeature"/>
  <testcase name="testSignInWithoutCredentials" time="1.423" classname="tests.TestSigninFeature"/>
</testsuite> <!-- Default test -->
